16:02:18 **** Incremental Build of configuration Debug for project UnderROS ****
make -j4 all 
arm-none-eabi-gcc "../Src/main.c" -mcpu=cortex-m3 -std=gnu11 -g3 -DSTM32 -DSTM32F10X_HD -DSTM32F1 -DSTM32F103C8Tx -DDEBUG -c -I../Inc -I"E:/Project/UnderROS/UnderROS/Inc" -O0 -ffunction-sections -fdata-sections -Wall -fstack-usage -MMD -MP -MF"Src/main.d" -MT"Src/main.o" --specs=nano.specs -mfloat-abi=soft -mthumb -o "Src/main.o"
../Src/main.c: In function 'led_intit':
../Src/main.c:32:2: warning: implicit declaration of function 'assert_param' [-Wimplicit-function-declaration]
  assert_param(1 == 1);
  ^~~~~~~~~~~~
arm-none-eabi-gcc -o "UnderROS.elf" @"objects.list"   -mcpu=cortex-m3 -T"E:\Project\UnderROS\UnderROS\STM32F103C8TX_FLASH.ld" --specs=nosys.specs -Wl,-Map="UnderROS.map" -Wl,--gc-sections -static --specs=nano.specs -mfloat-abi=soft -mthumb -Wl,--start-group -lc -lm -Wl,--end-group
Src/main.o: In function `led_intit':
E:/Project/UnderROS/UnderROS/Debug/../Src/main.c:32: undefined reference to `assert_param'
collect2.exe: error: ld returned 1 exit status
make: *** [makefile:52: UnderROS.elf] Error 1
"make -j4 all" terminated with exit code 2. Build might be incomplete.

16:02:19 Build Failed. 2 errors, 1 warnings. (took 510ms)

